<?xml version="1.0" encoding="UTF-8"?>
<!-- Generated by org.testng.reporters.JUnitXMLReporter -->
<testsuite hostname="Lenovo" ignored="2" name="Test2" tests="2" failures="0" timestamp="2021-12-21T22:38:34 IST" time="0.266" errors="0">
  <testcase name="productC" time="0.032" classname="org.features_TNG.Simple_annotation"/>
  <testcase name="productB" time="0.016" classname="org.features_TNG.Simple_annotation"/>
  <testcase name="productE" time="0.0" classname="org.features_TNG.Simple_annotation">
    <ignored/>
  </testcase> <!-- productE -->
  <testcase name="productD" time="0.0" classname="org.features_TNG.Simple_annotation">
    <ignored/>
  </testcase> <!-- productD -->
</testsuite> <!-- Test2 -->
